<?xml version="1.0" encoding="utf-8"?><testsuites><testsuite name="pytest" errors="0" failures="0" skipped="0" tests="15" time="0.811" timestamp="2026-06-16T15:20:55.749582" hostname="PC-CKP-69"><testcase classname="tests.test_api" name="test_health_returns_ok" time="0.278" /><testcase classname="tests.test_api" name="test_predict_positive_text" time="0.027" /><testcase classname="tests.test_api" name="test_predict_retourne_structure_complete" time="0.020" /><testcase classname="tests.test_api" name="test_stats_incremente_apres_predict" time="0.044" /><testcase classname="tests.test_api" name="test_health_retourne_status_ok" time="0.019" /><testcase classname="tests.test_api" name="test_predict_avec_texte_positif" time="0.025" /><testcase classname="tests.test_api" name="test_predict_avec_texte_negatif" time="0.025" /><testcase classname="tests.test_api" name="test_predict_conserve_le_texte_original" time="0.017" /><testcase classname="tests.test_api" name="test_stats_contient_les_quatre_champs" time="0.019" /><testcase classname="tests.test_api" name="test_stats_comptabilise_plusieurs_predictions" time="0.047" /><testcase classname="tests.test_api" name="test_reset_remet_les_compteurs_a_zero" time="0.046" /><testcase classname="tests.test_api" name="test_predict_texte_vide_retourne_422" time="0.020" /><testcase classname="tests.test_api" name="test_predict_texte_trop_long_retourne_422" time="0.016" /><testcase classname="tests.test_api" name="test_predict_champ_manquant_retourne_422" time="0.023" /><testcase classname="tests.test_api" name="test_predict_mauvais_type_retourne_422" time="0.019" /></testsuite></testsuites>